<?xml version="1.0" encoding="UTF-8" ?>
<testsuite failures="0" time="0.019" errors="0" skipped="0" tests="86" name="com.google.gson.stream.JsonReaderTest">
  <properties>
    <property name="java.runtime.name" value="OpenJDK Runtime Environment"/>
    <property name="sun.boot.library.path" value="/usr/lib/jvm/java-7-openjdk-amd64/jre/lib/amd64"/>
    <property name="java.vm.version" value="21.0-b17"/>
    <property name="java.vm.vendor" value="Oracle Corporation"/>
    <property name="java.vendor.url" value="http://java.oracle.com/"/>
    <property name="path.separator" value=":"/>
    <property name="java.vm.name" value="OpenJDK 64-Bit Server VM"/>
    <property name="file.encoding.pkg" value="sun.io"/>
    <property name="user.country" value="US"/>
    <property name="sun.java.launcher" value="SUN_STANDARD"/>
    <property name="sun.os.patch.level" value="unknown"/>
    <property name="java.vm.specification.name" value="Java Virtual Machine Specification"/>
    <property name="user.dir" value="/home/wxu/projects/google-gson/gson"/>
    <property name="java.runtime.version" value="1.7.0_147-icedtea-b147"/>
    <property name="java.awt.graphicsenv" value="sun.awt.X11GraphicsEnvironment"/>
    <property name="basedir" value="/home/wxu/projects/google-gson/gson"/>
    <property name="java.endorsed.dirs" value="/usr/lib/jvm/java-7-openjdk-amd64/jre/lib/endorsed"/>
    <property name="os.arch" value="amd64"/>
    <property name="surefire.real.class.path" value="/tmp/surefirebooter357657007972989187.jar"/>
    <property name="java.io.tmpdir" value="/tmp"/>
    <property name="line.separator" value="
"/>
    <property name="java.vm.specification.vendor" value="Oracle Corporation"/>
    <property name="os.name" value="Linux"/>
    <property name="sun.jnu.encoding" value="UTF-8"/>
    <property name="java.library.path" value="/usr/java/packages/lib/amd64:/usr/lib/x86_64-linux-gnu/jni:/lib/x86_64-linux-gnu:/usr/lib/x86_64-linux-gnu:/usr/lib/jni:/lib:/usr/lib"/>
    <property name="surefire.test.class.path" value="/home/wxu/projects/google-gson/gson/target/test-classes:/home/wxu/projects/google-gson/gson/target/classes:/home/wxu/.m2/repository/junit/junit/3.8.2/junit-3.8.2.jar:"/>
    <property name="java.specification.name" value="Java Platform API Specification"/>
    <property name="java.class.version" value="51.0"/>
    <property name="sun.management.compiler" value="HotSpot 64-Bit Tiered Compilers"/>
    <property name="os.version" value="3.0.0-12-generic"/>
    <property name="user.home" value="/home/wxu"/>
    <property name="user.timezone" value="Asia/Shanghai"/>
    <property name="java.awt.printerjob" value="sun.print.PSPrinterJob"/>
    <property name="file.encoding" value="UTF-8"/>
    <property name="java.specification.version" value="1.7"/>
    <property name="user.name" value="wxu"/>
    <property name="java.class.path" value="/home/wxu/projects/google-gson/gson/target/test-classes:/home/wxu/projects/google-gson/gson/target/classes:/home/wxu/.m2/repository/junit/junit/3.8.2/junit-3.8.2.jar:"/>
    <property name="java.vm.specification.version" value="1.7"/>
    <property name="sun.arch.data.model" value="64"/>
    <property name="java.home" value="/usr/lib/jvm/java-7-openjdk-amd64/jre"/>
    <property name="sun.java.command" value="/tmp/surefirebooter357657007972989187.jar /tmp/surefire2839334037527890413tmp /tmp/surefire7319309893760774847tmp"/>
    <property name="java.specification.vendor" value="Oracle Corporation"/>
    <property name="user.language" value="en"/>
    <property name="awt.toolkit" value="sun.awt.X11.XToolkit"/>
    <property name="java.vm.info" value="mixed mode"/>
    <property name="java.version" value="1.7.0_147-icedtea"/>
    <property name="java.ext.dirs" value="/usr/lib/jvm/java-7-openjdk-amd64/jre/lib/ext:/usr/java/packages/lib/ext"/>
    <property name="sun.boot.class.path" value="/usr/lib/jvm/java-7-openjdk-amd64/jre/lib/resources.jar:/usr/lib/jvm/java-7-openjdk-amd64/jre/lib/rt.jar:/usr/lib/jvm/java-7-openjdk-amd64/jre/lib/sunrsasign.jar:/usr/lib/jvm/java-7-openjdk-amd64/jre/lib/jsse.jar:/usr/lib/jvm/java-7-openjdk-amd64/jre/lib/jce.jar:/usr/lib/jvm/java-7-openjdk-amd64/jre/lib/charsets.jar:/usr/lib/jvm/java-7-openjdk-amd64/jre/lib/netx.jar:/usr/lib/jvm/java-7-openjdk-amd64/jre/lib/plugin.jar:/usr/lib/jvm/java-7-openjdk-amd64/jre/lib/rhino.jar:/usr/lib/jvm/java-7-openjdk-amd64/jre/classes"/>
    <property name="java.vendor" value="Oracle Corporation"/>
    <property name="localRepository" value="/home/wxu/.m2/repository"/>
    <property name="file.separator" value="/"/>
    <property name="java.vendor.url.bug" value="http://bugreport.sun.com/bugreport/"/>
    <property name="sun.cpu.endian" value="little"/>
    <property name="sun.io.unicode.encoding" value="UnicodeLittle"/>
    <property name="sun.desktop" value="gnome"/>
    <property name="sun.cpu.isalist" value=""/>
  </properties>
  <testcase time="0" classname="com.google.gson.stream.JsonReaderTest" name="testBooleans"/>
  <testcase time="0" classname="com.google.gson.stream.JsonReaderTest" name="testNulls"/>
  <testcase time="0" classname="com.google.gson.stream.JsonReaderTest" name="testDoubles"/>
  <testcase time="0.001" classname="com.google.gson.stream.JsonReaderTest" name="testLongs"/>
  <testcase time="0" classname="com.google.gson.stream.JsonReaderTest" name="testReadArray"/>
  <testcase time="0" classname="com.google.gson.stream.JsonReaderTest" name="testReadEmptyArray"/>
  <testcase time="0" classname="com.google.gson.stream.JsonReaderTest" name="testReadObject"/>
  <testcase time="0" classname="com.google.gson.stream.JsonReaderTest" name="testReadEmptyObject"/>
  <testcase time="0" classname="com.google.gson.stream.JsonReaderTest" name="testSkipObject"/>
  <testcase time="0" classname="com.google.gson.stream.JsonReaderTest" name="testHelloWorld"/>
  <testcase time="0" classname="com.google.gson.stream.JsonReaderTest" name="testEmptyString"/>
  <testcase time="0.001" classname="com.google.gson.stream.JsonReaderTest" name="testNoTopLevelObject"/>
  <testcase time="0" classname="com.google.gson.stream.JsonReaderTest" name="testCharacterUnescaping"/>
  <testcase time="0" classname="com.google.gson.stream.JsonReaderTest" name="testUnescapingInvalidCharacters"/>
  <testcase time="0" classname="com.google.gson.stream.JsonReaderTest" name="testUnescapingTruncatedCharacters"/>
  <testcase time="0" classname="com.google.gson.stream.JsonReaderTest" name="testUnescapingTruncatedSequence"/>
  <testcase time="0" classname="com.google.gson.stream.JsonReaderTest" name="testIntegersWithFractionalPartSpecified"/>
  <testcase time="0.001" classname="com.google.gson.stream.JsonReaderTest" name="testStrictNonFiniteDoubles"/>
  <testcase time="0" classname="com.google.gson.stream.JsonReaderTest" name="testStrictQuotedNonFiniteDoubles"/>
  <testcase time="0" classname="com.google.gson.stream.JsonReaderTest" name="testLenientNonFiniteDoubles"/>
  <testcase time="0" classname="com.google.gson.stream.JsonReaderTest" name="testLenientQuotedNonFiniteDoubles"/>
  <testcase time="0" classname="com.google.gson.stream.JsonReaderTest" name="testStrictNonFiniteDoublesWithSkipValue"/>
  <testcase time="0" classname="com.google.gson.stream.JsonReaderTest" name="testNumberWithOctalPrefix"/>
  <testcase time="0" classname="com.google.gson.stream.JsonReaderTest" name="testMixedCaseLiterals"/>
  <testcase time="0" classname="com.google.gson.stream.JsonReaderTest" name="testMissingValue"/>
  <testcase time="0" classname="com.google.gson.stream.JsonReaderTest" name="testPrematureEndOfInput"/>
  <testcase time="0" classname="com.google.gson.stream.JsonReaderTest" name="testPrematurelyClosed"/>
  <testcase time="0" classname="com.google.gson.stream.JsonReaderTest" name="testNextFailuresDoNotAdvance"/>
  <testcase time="0" classname="com.google.gson.stream.JsonReaderTest" name="testStringNullIsNotNull"/>
  <testcase time="0" classname="com.google.gson.stream.JsonReaderTest" name="testNullLiteralIsNotAString"/>
  <testcase time="0" classname="com.google.gson.stream.JsonReaderTest" name="testStrictNameValueSeparator"/>
  <testcase time="0.001" classname="com.google.gson.stream.JsonReaderTest" name="testLenientNameValueSeparator"/>
  <testcase time="0" classname="com.google.gson.stream.JsonReaderTest" name="testStrictNameValueSeparatorWithSkipValue"/>
  <testcase time="0" classname="com.google.gson.stream.JsonReaderTest" name="testStrictComments"/>
  <testcase time="0" classname="com.google.gson.stream.JsonReaderTest" name="testLenientComments"/>
  <testcase time="0" classname="com.google.gson.stream.JsonReaderTest" name="testStrictCommentsWithSkipValue"/>
  <testcase time="0" classname="com.google.gson.stream.JsonReaderTest" name="testStrictUnquotedNames"/>
  <testcase time="0" classname="com.google.gson.stream.JsonReaderTest" name="testLenientUnquotedNames"/>
  <testcase time="0" classname="com.google.gson.stream.JsonReaderTest" name="testStrictUnquotedNamesWithSkipValue"/>
  <testcase time="0" classname="com.google.gson.stream.JsonReaderTest" name="testStrictSingleQuotedNames"/>
  <testcase time="0" classname="com.google.gson.stream.JsonReaderTest" name="testLenientSingleQuotedNames"/>
  <testcase time="0" classname="com.google.gson.stream.JsonReaderTest" name="testStrictSingleQuotedNamesWithSkipValue"/>
  <testcase time="0" classname="com.google.gson.stream.JsonReaderTest" name="testStrictUnquotedStrings"/>
  <testcase time="0" classname="com.google.gson.stream.JsonReaderTest" name="testStrictUnquotedStringsWithSkipValue"/>
  <testcase time="0" classname="com.google.gson.stream.JsonReaderTest" name="testLenientUnquotedStrings"/>
  <testcase time="0" classname="com.google.gson.stream.JsonReaderTest" name="testStrictSingleQuotedStrings"/>
  <testcase time="0" classname="com.google.gson.stream.JsonReaderTest" name="testLenientSingleQuotedStrings"/>
  <testcase time="0" classname="com.google.gson.stream.JsonReaderTest" name="testStrictSingleQuotedStringsWithSkipValue"/>
  <testcase time="0" classname="com.google.gson.stream.JsonReaderTest" name="testStrictSemicolonDelimitedArray"/>
  <testcase time="0" classname="com.google.gson.stream.JsonReaderTest" name="testLenientSemicolonDelimitedArray"/>
  <testcase time="0" classname="com.google.gson.stream.JsonReaderTest" name="testStrictSemicolonDelimitedArrayWithSkipValue"/>
  <testcase time="0" classname="com.google.gson.stream.JsonReaderTest" name="testStrictSemicolonDelimitedNameValuePair"/>
  <testcase time="0" classname="com.google.gson.stream.JsonReaderTest" name="testLenientSemicolonDelimitedNameValuePair"/>
  <testcase time="0" classname="com.google.gson.stream.JsonReaderTest" name="testStrictSemicolonDelimitedNameValuePairWithSkipValue"/>
  <testcase time="0.001" classname="com.google.gson.stream.JsonReaderTest" name="testStrictUnnecessaryArraySeparators"/>
  <testcase time="0" classname="com.google.gson.stream.JsonReaderTest" name="testLenientUnnecessaryArraySeparators"/>
  <testcase time="0" classname="com.google.gson.stream.JsonReaderTest" name="testStrictUnnecessaryArraySeparatorsWithSkipValue"/>
  <testcase time="0" classname="com.google.gson.stream.JsonReaderTest" name="testStrictMultipleTopLevelValues"/>
  <testcase time="0" classname="com.google.gson.stream.JsonReaderTest" name="testLenientMultipleTopLevelValues"/>
  <testcase time="0" classname="com.google.gson.stream.JsonReaderTest" name="testStrictMultipleTopLevelValuesWithSkipValue"/>
  <testcase time="0" classname="com.google.gson.stream.JsonReaderTest" name="testStrictTopLevelValueType"/>
  <testcase time="0" classname="com.google.gson.stream.JsonReaderTest" name="testLenientTopLevelValueType"/>
  <testcase time="0" classname="com.google.gson.stream.JsonReaderTest" name="testStrictTopLevelValueTypeWithSkipValue"/>
  <testcase time="0" classname="com.google.gson.stream.JsonReaderTest" name="testStrictNonExecutePrefix"/>
  <testcase time="0" classname="com.google.gson.stream.JsonReaderTest" name="testStrictNonExecutePrefixWithSkipValue"/>
  <testcase time="0" classname="com.google.gson.stream.JsonReaderTest" name="testLenientNonExecutePrefix"/>
  <testcase time="0" classname="com.google.gson.stream.JsonReaderTest" name="testLenientNonExecutePrefixWithLeadingWhitespace"/>
  <testcase time="0" classname="com.google.gson.stream.JsonReaderTest" name="testLenientPartialNonExecutePrefix"/>
  <testcase time="0.001" classname="com.google.gson.stream.JsonReaderTest" name="testBomIgnoredAsFirstCharacterOfDocument"/>
  <testcase time="0" classname="com.google.gson.stream.JsonReaderTest" name="testBomForbiddenAsOtherCharacterInDocument"/>
  <testcase time="0" classname="com.google.gson.stream.JsonReaderTest" name="testFailWithPosition"/>
  <testcase time="0" classname="com.google.gson.stream.JsonReaderTest" name="testFailWithPositionGreaterThanBufferSize"/>
  <testcase time="0" classname="com.google.gson.stream.JsonReaderTest" name="testFailWithPositionIsOffsetByBom"/>
  <testcase time="0" classname="com.google.gson.stream.JsonReaderTest" name="testDeeplyNestedArrays"/>
  <testcase time="0.001" classname="com.google.gson.stream.JsonReaderTest" name="testDeeplyNestedObjects"/>
  <testcase time="0" classname="com.google.gson.stream.JsonReaderTest" name="testStringEndingInSlash"/>
  <testcase time="0" classname="com.google.gson.stream.JsonReaderTest" name="testDocumentWithCommentEndingInSlash"/>
  <testcase time="0" classname="com.google.gson.stream.JsonReaderTest" name="testStringWithLeadingSlash"/>
  <testcase time="0" classname="com.google.gson.stream.JsonReaderTest" name="testUnterminatedObject"/>
  <testcase time="0" classname="com.google.gson.stream.JsonReaderTest" name="testVeryLongQuotedString"/>
  <testcase time="0.001" classname="com.google.gson.stream.JsonReaderTest" name="testVeryLongUnquotedString"/>
  <testcase time="0.001" classname="com.google.gson.stream.JsonReaderTest" name="testVeryLongUnterminatedString"/>
  <testcase time="0.001" classname="com.google.gson.stream.JsonReaderTest" name="testSkipVeryLongUnquotedString"/>
  <testcase time="0" classname="com.google.gson.stream.JsonReaderTest" name="testStringAsNumberWithTruncatedExponent"/>
  <testcase time="0" classname="com.google.gson.stream.JsonReaderTest" name="testStringAsNumberWithDigitAndNonDigitExponent"/>
  <testcase time="0" classname="com.google.gson.stream.JsonReaderTest" name="testStringAsNumberWithNonDigitExponent"/>
</testsuite>