<?xml version="1.0" encoding="UTF-8" ?>
<testsuite failures="0" time="0.009" errors="0" skipped="0" tests="34" name="com.google.gson.stream.JsonWriterTest">
  <properties>
    <property name="java.runtime.name" value="OpenJDK Runtime Environment"/>
    <property name="sun.boot.library.path" value="/usr/lib/jvm/java-7-openjdk-amd64/jre/lib/amd64"/>
    <property name="java.vm.version" value="21.0-b17"/>
    <property name="java.vm.vendor" value="Oracle Corporation"/>
    <property name="java.vendor.url" value="http://java.oracle.com/"/>
    <property name="path.separator" value=":"/>
    <property name="java.vm.name" value="OpenJDK 64-Bit Server VM"/>
    <property name="file.encoding.pkg" value="sun.io"/>
    <property name="user.country" value="US"/>
    <property name="sun.java.launcher" value="SUN_STANDARD"/>
    <property name="sun.os.patch.level" value="unknown"/>
    <property name="java.vm.specification.name" value="Java Virtual Machine Specification"/>
    <property name="user.dir" value="/home/wxu/projects/google-gson/gson"/>
    <property name="java.runtime.version" value="1.7.0_147-icedtea-b147"/>
    <property name="java.awt.graphicsenv" value="sun.awt.X11GraphicsEnvironment"/>
    <property name="basedir" value="/home/wxu/projects/google-gson/gson"/>
    <property name="java.endorsed.dirs" value="/usr/lib/jvm/java-7-openjdk-amd64/jre/lib/endorsed"/>
    <property name="os.arch" value="amd64"/>
    <property name="surefire.real.class.path" value="/tmp/surefirebooter357657007972989187.jar"/>
    <property name="java.io.tmpdir" value="/tmp"/>
    <property name="line.separator" value="
"/>
    <property name="java.vm.specification.vendor" value="Oracle Corporation"/>
    <property name="os.name" value="Linux"/>
    <property name="sun.jnu.encoding" value="UTF-8"/>
    <property name="java.library.path" value="/usr/java/packages/lib/amd64:/usr/lib/x86_64-linux-gnu/jni:/lib/x86_64-linux-gnu:/usr/lib/x86_64-linux-gnu:/usr/lib/jni:/lib:/usr/lib"/>
    <property name="surefire.test.class.path" value="/home/wxu/projects/google-gson/gson/target/test-classes:/home/wxu/projects/google-gson/gson/target/classes:/home/wxu/.m2/repository/junit/junit/3.8.2/junit-3.8.2.jar:"/>
    <property name="java.specification.name" value="Java Platform API Specification"/>
    <property name="java.class.version" value="51.0"/>
    <property name="sun.management.compiler" value="HotSpot 64-Bit Tiered Compilers"/>
    <property name="os.version" value="3.0.0-12-generic"/>
    <property name="user.home" value="/home/wxu"/>
    <property name="user.timezone" value="Asia/Shanghai"/>
    <property name="java.awt.printerjob" value="sun.print.PSPrinterJob"/>
    <property name="file.encoding" value="UTF-8"/>
    <property name="java.specification.version" value="1.7"/>
    <property name="user.name" value="wxu"/>
    <property name="java.class.path" value="/home/wxu/projects/google-gson/gson/target/test-classes:/home/wxu/projects/google-gson/gson/target/classes:/home/wxu/.m2/repository/junit/junit/3.8.2/junit-3.8.2.jar:"/>
    <property name="java.vm.specification.version" value="1.7"/>
    <property name="sun.arch.data.model" value="64"/>
    <property name="java.home" value="/usr/lib/jvm/java-7-openjdk-amd64/jre"/>
    <property name="sun.java.command" value="/tmp/surefirebooter357657007972989187.jar /tmp/surefire2839334037527890413tmp /tmp/surefire7319309893760774847tmp"/>
    <property name="java.specification.vendor" value="Oracle Corporation"/>
    <property name="user.language" value="en"/>
    <property name="awt.toolkit" value="sun.awt.X11.XToolkit"/>
    <property name="java.vm.info" value="mixed mode"/>
    <property name="java.version" value="1.7.0_147-icedtea"/>
    <property name="java.ext.dirs" value="/usr/lib/jvm/java-7-openjdk-amd64/jre/lib/ext:/usr/java/packages/lib/ext"/>
    <property name="sun.boot.class.path" value="/usr/lib/jvm/java-7-openjdk-amd64/jre/lib/resources.jar:/usr/lib/jvm/java-7-openjdk-amd64/jre/lib/rt.jar:/usr/lib/jvm/java-7-openjdk-amd64/jre/lib/sunrsasign.jar:/usr/lib/jvm/java-7-openjdk-amd64/jre/lib/jsse.jar:/usr/lib/jvm/java-7-openjdk-amd64/jre/lib/jce.jar:/usr/lib/jvm/java-7-openjdk-amd64/jre/lib/charsets.jar:/usr/lib/jvm/java-7-openjdk-amd64/jre/lib/netx.jar:/usr/lib/jvm/java-7-openjdk-amd64/jre/lib/plugin.jar:/usr/lib/jvm/java-7-openjdk-amd64/jre/lib/rhino.jar:/usr/lib/jvm/java-7-openjdk-amd64/jre/classes"/>
    <property name="java.vendor" value="Oracle Corporation"/>
    <property name="localRepository" value="/home/wxu/.m2/repository"/>
    <property name="file.separator" value="/"/>
    <property name="java.vendor.url.bug" value="http://bugreport.sun.com/bugreport/"/>
    <property name="sun.cpu.endian" value="little"/>
    <property name="sun.io.unicode.encoding" value="UnicodeLittle"/>
    <property name="sun.desktop" value="gnome"/>
    <property name="sun.cpu.isalist" value=""/>
  </properties>
  <testcase time="0" classname="com.google.gson.stream.JsonWriterTest" name="testNumbers"/>
  <testcase time="0" classname="com.google.gson.stream.JsonWriterTest" name="testBooleans"/>
  <testcase time="0" classname="com.google.gson.stream.JsonWriterTest" name="testNulls"/>
  <testcase time="0" classname="com.google.gson.stream.JsonWriterTest" name="testStrings"/>
  <testcase time="0" classname="com.google.gson.stream.JsonWriterTest" name="testEmptyArray"/>
  <testcase time="0" classname="com.google.gson.stream.JsonWriterTest" name="testEmptyObject"/>
  <testcase time="0" classname="com.google.gson.stream.JsonWriterTest" name="testWrongTopLevelType"/>
  <testcase time="0" classname="com.google.gson.stream.JsonWriterTest" name="testTwoNames"/>
  <testcase time="0" classname="com.google.gson.stream.JsonWriterTest" name="testNameWithoutValue"/>
  <testcase time="0" classname="com.google.gson.stream.JsonWriterTest" name="testNullName"/>
  <testcase time="0" classname="com.google.gson.stream.JsonWriterTest" name="testValueWithoutName"/>
  <testcase time="0" classname="com.google.gson.stream.JsonWriterTest" name="testMultipleTopLevelValues"/>
  <testcase time="0" classname="com.google.gson.stream.JsonWriterTest" name="testBadNestingObject"/>
  <testcase time="0" classname="com.google.gson.stream.JsonWriterTest" name="testBadNestingArray"/>
  <testcase time="0" classname="com.google.gson.stream.JsonWriterTest" name="testNullStringValue"/>
  <testcase time="0" classname="com.google.gson.stream.JsonWriterTest" name="testNonFiniteDoubles"/>
  <testcase time="0" classname="com.google.gson.stream.JsonWriterTest" name="testNonFiniteBoxedDoubles"/>
  <testcase time="0.001" classname="com.google.gson.stream.JsonWriterTest" name="testDoubles"/>
  <testcase time="0" classname="com.google.gson.stream.JsonWriterTest" name="testLongs"/>
  <testcase time="0" classname="com.google.gson.stream.JsonWriterTest" name="testUnicodeLineBreaksEscaped"/>
  <testcase time="0" classname="com.google.gson.stream.JsonWriterTest" name="testObjectsInArrays"/>
  <testcase time="0" classname="com.google.gson.stream.JsonWriterTest" name="testArraysInObjects"/>
  <testcase time="0" classname="com.google.gson.stream.JsonWriterTest" name="testDeepNestingArrays"/>
  <testcase time="0" classname="com.google.gson.stream.JsonWriterTest" name="testDeepNestingObjects"/>
  <testcase time="0" classname="com.google.gson.stream.JsonWriterTest" name="testRepeatedName"/>
  <testcase time="0" classname="com.google.gson.stream.JsonWriterTest" name="testPrettyPrintObject"/>
  <testcase time="0" classname="com.google.gson.stream.JsonWriterTest" name="testPrettyPrintArray"/>
  <testcase time="0" classname="com.google.gson.stream.JsonWriterTest" name="testLenientWriterPermitsMultipleTopLevelValues"/>
  <testcase time="0" classname="com.google.gson.stream.JsonWriterTest" name="testStrictWriterDoesNotPermitMultipleTopLevelValues"/>
  <testcase time="0" classname="com.google.gson.stream.JsonWriterTest" name="testClosedWriterThrowsOnStructure"/>
  <testcase time="0" classname="com.google.gson.stream.JsonWriterTest" name="testClosedWriterThrowsOnName"/>
  <testcase time="0" classname="com.google.gson.stream.JsonWriterTest" name="testClosedWriterThrowsOnValue"/>
  <testcase time="0.001" classname="com.google.gson.stream.JsonWriterTest" name="testClosedWriterThrowsOnFlush"/>
  <testcase time="0" classname="com.google.gson.stream.JsonWriterTest" name="testWriterCloseIsIdempotent"/>
</testsuite>