<?xml version="1.0" encoding="UTF-8" ?>
<testsuite failures="0" time="0.04" errors="1" skipped="0" tests="40" name="com.google.gson.functional.MapTest">
  <properties>
    <property name="java.runtime.name" value="OpenJDK Runtime Environment"/>
    <property name="sun.boot.library.path" value="/usr/lib/jvm/java-7-openjdk-amd64/jre/lib/amd64"/>
    <property name="java.vm.version" value="21.0-b17"/>
    <property name="java.vm.vendor" value="Oracle Corporation"/>
    <property name="java.vendor.url" value="http://java.oracle.com/"/>
    <property name="path.separator" value=":"/>
    <property name="java.vm.name" value="OpenJDK 64-Bit Server VM"/>
    <property name="file.encoding.pkg" value="sun.io"/>
    <property name="user.country" value="US"/>
    <property name="sun.java.launcher" value="SUN_STANDARD"/>
    <property name="sun.os.patch.level" value="unknown"/>
    <property name="java.vm.specification.name" value="Java Virtual Machine Specification"/>
    <property name="user.dir" value="/home/wxu/projects/google-gson/gson"/>
    <property name="java.runtime.version" value="1.7.0_147-icedtea-b147"/>
    <property name="java.awt.graphicsenv" value="sun.awt.X11GraphicsEnvironment"/>
    <property name="basedir" value="/home/wxu/projects/google-gson/gson"/>
    <property name="java.endorsed.dirs" value="/usr/lib/jvm/java-7-openjdk-amd64/jre/lib/endorsed"/>
    <property name="os.arch" value="amd64"/>
    <property name="surefire.real.class.path" value="/tmp/surefirebooter357657007972989187.jar"/>
    <property name="java.io.tmpdir" value="/tmp"/>
    <property name="line.separator" value="
"/>
    <property name="java.vm.specification.vendor" value="Oracle Corporation"/>
    <property name="os.name" value="Linux"/>
    <property name="sun.jnu.encoding" value="UTF-8"/>
    <property name="java.library.path" value="/usr/java/packages/lib/amd64:/usr/lib/x86_64-linux-gnu/jni:/lib/x86_64-linux-gnu:/usr/lib/x86_64-linux-gnu:/usr/lib/jni:/lib:/usr/lib"/>
    <property name="surefire.test.class.path" value="/home/wxu/projects/google-gson/gson/target/test-classes:/home/wxu/projects/google-gson/gson/target/classes:/home/wxu/.m2/repository/junit/junit/3.8.2/junit-3.8.2.jar:"/>
    <property name="java.specification.name" value="Java Platform API Specification"/>
    <property name="java.class.version" value="51.0"/>
    <property name="sun.management.compiler" value="HotSpot 64-Bit Tiered Compilers"/>
    <property name="os.version" value="3.0.0-12-generic"/>
    <property name="user.home" value="/home/wxu"/>
    <property name="user.timezone" value="Asia/Shanghai"/>
    <property name="java.awt.printerjob" value="sun.print.PSPrinterJob"/>
    <property name="file.encoding" value="UTF-8"/>
    <property name="java.specification.version" value="1.7"/>
    <property name="user.name" value="wxu"/>
    <property name="java.class.path" value="/home/wxu/projects/google-gson/gson/target/test-classes:/home/wxu/projects/google-gson/gson/target/classes:/home/wxu/.m2/repository/junit/junit/3.8.2/junit-3.8.2.jar:"/>
    <property name="java.vm.specification.version" value="1.7"/>
    <property name="sun.arch.data.model" value="64"/>
    <property name="java.home" value="/usr/lib/jvm/java-7-openjdk-amd64/jre"/>
    <property name="sun.java.command" value="/tmp/surefirebooter357657007972989187.jar /tmp/surefire2839334037527890413tmp /tmp/surefire7319309893760774847tmp"/>
    <property name="java.specification.vendor" value="Oracle Corporation"/>
    <property name="user.language" value="en"/>
    <property name="awt.toolkit" value="sun.awt.X11.XToolkit"/>
    <property name="java.vm.info" value="mixed mode"/>
    <property name="java.version" value="1.7.0_147-icedtea"/>
    <property name="java.ext.dirs" value="/usr/lib/jvm/java-7-openjdk-amd64/jre/lib/ext:/usr/java/packages/lib/ext"/>
    <property name="sun.boot.class.path" value="/usr/lib/jvm/java-7-openjdk-amd64/jre/lib/resources.jar:/usr/lib/jvm/java-7-openjdk-amd64/jre/lib/rt.jar:/usr/lib/jvm/java-7-openjdk-amd64/jre/lib/sunrsasign.jar:/usr/lib/jvm/java-7-openjdk-amd64/jre/lib/jsse.jar:/usr/lib/jvm/java-7-openjdk-amd64/jre/lib/jce.jar:/usr/lib/jvm/java-7-openjdk-amd64/jre/lib/charsets.jar:/usr/lib/jvm/java-7-openjdk-amd64/jre/lib/netx.jar:/usr/lib/jvm/java-7-openjdk-amd64/jre/lib/plugin.jar:/usr/lib/jvm/java-7-openjdk-amd64/jre/lib/rhino.jar:/usr/lib/jvm/java-7-openjdk-amd64/jre/classes"/>
    <property name="java.vendor" value="Oracle Corporation"/>
    <property name="localRepository" value="/home/wxu/.m2/repository"/>
    <property name="file.separator" value="/"/>
    <property name="java.vendor.url.bug" value="http://bugreport.sun.com/bugreport/"/>
    <property name="sun.cpu.endian" value="little"/>
    <property name="sun.io.unicode.encoding" value="UnicodeLittle"/>
    <property name="sun.desktop" value="gnome"/>
    <property name="sun.cpu.isalist" value=""/>
  </properties>
  <testcase time="0.001" classname="com.google.gson.functional.MapTest" name="testMapSerialization"/>
  <testcase time="0.001" classname="com.google.gson.functional.MapTest" name="testMapDeserialization"/>
  <testcase time="0.001" classname="com.google.gson.functional.MapTest" name="testRawMapSerialization"/>
  <testcase time="0.001" classname="com.google.gson.functional.MapTest" name="testMapSerializationEmpty"/>
  <testcase time="0.001" classname="com.google.gson.functional.MapTest" name="testMapDeserializationEmpty"/>
  <testcase time="0.001" classname="com.google.gson.functional.MapTest" name="testMapSerializationWithNullValue"/>
  <testcase time="0.001" classname="com.google.gson.functional.MapTest" name="testMapDeserializationWithNullValue"/>
  <testcase time="0" classname="com.google.gson.functional.MapTest" name="testMapSerializationWithNullValueButSerializeNulls"/>
  <testcase time="0" classname="com.google.gson.functional.MapTest" name="testMapSerializationWithNullKey"/>
  <testcase time="0.001" classname="com.google.gson.functional.MapTest" name="testMapDeserializationWithNullKey"/>
  <testcase time="0" classname="com.google.gson.functional.MapTest" name="testMapSerializationWithIntegerKeys"/>
  <testcase time="0.001" classname="com.google.gson.functional.MapTest" name="testMapDeserializationWithIntegerKeys"/>
  <testcase time="0.005" classname="com.google.gson.functional.MapTest" name="testParameterizedMapSubclassSerialization"/>
  <testcase time="0.002" classname="com.google.gson.functional.MapTest" name="testParameterizedMapSubclassDeserialization">
    <error message="java.util.LinkedHashMap cannot be cast to com.google.gson.functional.MapTest$MyParameterizedMap" type="java.lang.ClassCastException">java.lang.ClassCastException: java.util.LinkedHashMap cannot be cast to com.google.gson.functional.MapTest$MyParameterizedMap
	at com.google.gson.functional.MapTest.testParameterizedMapSubclassDeserialization(MapTest.java:170)
</error>
  </testcase>
  <testcase time="0" classname="com.google.gson.functional.MapTest" name="testMapSubclassSerialization"/>
  <testcase time="0.001" classname="com.google.gson.functional.MapTest" name="testMapStandardSubclassDeserialization"/>
  <testcase time="0" classname="com.google.gson.functional.MapTest" name="testMapSubclassDeserialization"/>
  <testcase time="0.001" classname="com.google.gson.functional.MapTest" name="testCustomSerializerForSpecificMapType"/>
  <testcase time="0.001" classname="com.google.gson.functional.MapTest" name="testMapSerializationWithNullValues"/>
  <testcase time="0" classname="com.google.gson.functional.MapTest" name="testMapSerializationWithNullValuesSerialized"/>
  <testcase time="0.001" classname="com.google.gson.functional.MapTest" name="testMapSerializationWithWildcardValues"/>
  <testcase time="0" classname="com.google.gson.functional.MapTest" name="testMapDeserializationWithWildcardValues"/>
  <testcase time="0" classname="com.google.gson.functional.MapTest" name="testMapOfMapSerialization"/>
  <testcase time="0.001" classname="com.google.gson.functional.MapTest" name="testMapOfMapDeserialization"/>
  <testcase time="0" classname="com.google.gson.functional.MapTest" name="testMapWithQuotes"/>
  <testcase time="0" classname="com.google.gson.functional.MapTest" name="testWriteMapsWithEmptyStringKey"/>
  <testcase time="0.001" classname="com.google.gson.functional.MapTest" name="testReadMapsWithEmptyStringKey"/>
  <testcase time="0.001" classname="com.google.gson.functional.MapTest" name="testSerializeMaps"/>
  <testcase time="0.001" classname="com.google.gson.functional.MapTest" name="testInterfaceTypeMap"/>
  <testcase time="0.002" classname="com.google.gson.functional.MapTest" name="testInterfaceTypeMapWithSerializer"/>
  <testcase time="0.001" classname="com.google.gson.functional.MapTest" name="testGeneralMapField"/>
  <testcase time="0.001" classname="com.google.gson.functional.MapTest" name="testComplexKeysSerialization"/>
  <testcase time="0" classname="com.google.gson.functional.MapTest" name="testComplexKeysDeserialization"/>
  <testcase time="0.001" classname="com.google.gson.functional.MapTest" name="testStringKeyDeserialization"/>
  <testcase time="0" classname="com.google.gson.functional.MapTest" name="testNumberKeyDeserialization"/>
  <testcase time="0" classname="com.google.gson.functional.MapTest" name="testBooleanKeyDeserialization"/>
  <testcase time="0.001" classname="com.google.gson.functional.MapTest" name="testMapDeserializationWithDuplicateKeys"/>
  <testcase time="0" classname="com.google.gson.functional.MapTest" name="testSerializeMapOfMaps"/>
  <testcase time="0.001" classname="com.google.gson.functional.MapTest" name="testDeerializeMapOfMaps"/>
  <testcase time="0" classname="com.google.gson.functional.MapTest" name="testMapNamePromotionWithJsonElementReader"/>
</testsuite>